<testsuite tests='0' results='0' failures='0' disabled='0' errors='0' time='0.369' name='behavior.empty_Story' />